<?xml version="1.0" encoding="UTF-8"?>
<testng-results skipped="0" failed="0" ignored="0" total="1" passed="1">
  <reporter-output>
  </reporter-output>
  <suite name="Default suite" duration-ms="146" started-at="2022-09-15T15:13:27Z" finished-at="2022-09-15T15:13:27Z">
    <groups>
    </groups>
    <test name="Default test" duration-ms="146" started-at="2022-09-15T15:13:27Z" finished-at="2022-09-15T15:13:27Z">
      <class name="TeamValidation">
        <test-method status="PASS" signature="teamVerification()[pri:0, instance:TeamValidation@224edc67]" name="teamVerification" duration-ms="47" started-at="2022-09-15T15:13:27Z" finished-at="2022-09-15T15:13:27Z">
          <reporter-output>
          </reporter-output>
        </test-method> <!-- teamVerification -->
      </class> <!-- TeamValidation -->
    </test> <!-- Default test -->
  </suite> <!-- Default suite -->
</testng-results>
